f:\projects\2020\chocolate-doom\opl\opl.dir\debug\opl.pdb
f:\projects\2020\chocolate-doom\opl\opl.dir\debug\opl3.obj
f:\projects\2020\chocolate-doom\opl\opl.dir\debug\ioperm_sys.obj
f:\projects\2020\chocolate-doom\opl\opl.dir\debug\opl_win32.obj
f:\projects\2020\chocolate-doom\opl\opl.dir\debug\opl_timer.obj
f:\projects\2020\chocolate-doom\opl\opl.dir\debug\opl_sdl.obj
f:\projects\2020\chocolate-doom\opl\opl.dir\debug\opl_queue.obj
f:\projects\2020\chocolate-doom\opl\opl.dir\debug\opl_obsd.obj
f:\projects\2020\chocolate-doom\opl\opl.dir\debug\opl_linux.obj
f:\projects\2020\chocolate-doom\opl\opl.dir\debug\opl.obj
f:\projects\2020\chocolate-doom\opl\cmakefiles\generate.stamp
f:\projects\2020\chocolate-doom\opl\debug\opl.lib
f:\projects\2020\chocolate-doom\opl\debug\opl.pdb
f:\projects\2020\chocolate-doom\opl\opl.dir\debug\opl.tlog\cl.command.1.tlog
f:\projects\2020\chocolate-doom\opl\opl.dir\debug\opl.tlog\cl.read.1.tlog
f:\projects\2020\chocolate-doom\opl\opl.dir\debug\opl.tlog\cl.write.1.tlog
f:\projects\2020\chocolate-doom\opl\opl.dir\debug\opl.tlog\custombuild.command.1.tlog
f:\projects\2020\chocolate-doom\opl\opl.dir\debug\opl.tlog\custombuild.read.1.tlog
f:\projects\2020\chocolate-doom\opl\opl.dir\debug\opl.tlog\custombuild.write.1.tlog
f:\projects\2020\chocolate-doom\opl\opl.dir\debug\opl.tlog\lib-link.read.1.tlog
f:\projects\2020\chocolate-doom\opl\opl.dir\debug\opl.tlog\lib-link.write.1.tlog
f:\projects\2020\chocolate-doom\opl\opl.dir\debug\opl.tlog\lib.command.1.tlog
