f:\projects\2020\chocolate-doom\textscreen\textscreen.dir\debug\textscreen.pdb
f:\projects\2020\chocolate-doom\textscreen\textscreen.dir\debug\txt_window.obj
f:\projects\2020\chocolate-doom\textscreen\textscreen.dir\debug\txt_widget.obj
f:\projects\2020\chocolate-doom\textscreen\textscreen.dir\debug\txt_utf8.obj
f:\projects\2020\chocolate-doom\textscreen\textscreen.dir\debug\txt_table.obj
f:\projects\2020\chocolate-doom\textscreen\textscreen.dir\debug\txt_strut.obj
f:\projects\2020\chocolate-doom\textscreen\textscreen.dir\debug\txt_sdl.obj
f:\projects\2020\chocolate-doom\textscreen\textscreen.dir\debug\txt_spinctrl.obj
f:\projects\2020\chocolate-doom\textscreen\textscreen.dir\debug\txt_separator.obj
f:\projects\2020\chocolate-doom\textscreen\textscreen.dir\debug\txt_scrollpane.obj
f:\projects\2020\chocolate-doom\textscreen\textscreen.dir\debug\txt_radiobutton.obj
f:\projects\2020\chocolate-doom\textscreen\textscreen.dir\debug\txt_label.obj
f:\projects\2020\chocolate-doom\textscreen\textscreen.dir\debug\txt_button.obj
f:\projects\2020\chocolate-doom\textscreen\textscreen.dir\debug\txt_io.obj
f:\projects\2020\chocolate-doom\textscreen\textscreen.dir\debug\txt_inputbox.obj
f:\projects\2020\chocolate-doom\textscreen\textscreen.dir\debug\txt_gui.obj
f:\projects\2020\chocolate-doom\textscreen\textscreen.dir\debug\txt_fileselect.obj
f:\projects\2020\chocolate-doom\textscreen\textscreen.dir\debug\txt_dropdown.obj
f:\projects\2020\chocolate-doom\textscreen\textscreen.dir\debug\txt_desktop.obj
f:\projects\2020\chocolate-doom\textscreen\textscreen.dir\debug\txt_checkbox.obj
f:\projects\2020\chocolate-doom\textscreen\textscreen.dir\debug\txt_conditional.obj
f:\projects\2020\chocolate-doom\textscreen\textscreen.dir\debug\txt_window_action.obj
f:\projects\2020\chocolate-doom\textscreen\cmakefiles\generate.stamp
f:\projects\2020\chocolate-doom\textscreen\debug\textscreen.lib
f:\projects\2020\chocolate-doom\textscreen\debug\textscreen.pdb
f:\projects\2020\chocolate-doom\textscreen\textscreen.dir\debug\textscreen.tlog\cl.command.1.tlog
f:\projects\2020\chocolate-doom\textscreen\textscreen.dir\debug\textscreen.tlog\cl.read.1.tlog
f:\projects\2020\chocolate-doom\textscreen\textscreen.dir\debug\textscreen.tlog\cl.write.1.tlog
f:\projects\2020\chocolate-doom\textscreen\textscreen.dir\debug\textscreen.tlog\custombuild.command.1.tlog
f:\projects\2020\chocolate-doom\textscreen\textscreen.dir\debug\textscreen.tlog\custombuild.read.1.tlog
f:\projects\2020\chocolate-doom\textscreen\textscreen.dir\debug\textscreen.tlog\custombuild.write.1.tlog
f:\projects\2020\chocolate-doom\textscreen\textscreen.dir\debug\textscreen.tlog\lib-link.read.1.tlog
f:\projects\2020\chocolate-doom\textscreen\textscreen.dir\debug\textscreen.tlog\lib-link.write.1.tlog
f:\projects\2020\chocolate-doom\textscreen\textscreen.dir\debug\textscreen.tlog\lib.command.1.tlog
