f:\projects\2020\chocolate-doom\src\chocolate-doom.dir\debug\vc141.pdb
f:\projects\2020\chocolate-doom\src\chocolate-doom.dir\debug\i_oplmusic.obj
f:\projects\2020\chocolate-doom\src\chocolate-doom.dir\debug\i_musicpack.obj
f:\projects\2020\chocolate-doom\src\chocolate-doom.dir\debug\i_midipipe.obj
f:\projects\2020\chocolate-doom\src\chocolate-doom.dir\debug\i_joystick.obj
f:\projects\2020\chocolate-doom\src\chocolate-doom.dir\debug\i_input.obj
f:\projects\2020\chocolate-doom\src\chocolate-doom.dir\debug\i_glob.obj
f:\projects\2020\chocolate-doom\src\chocolate-doom.dir\debug\i_endoom.obj
f:\projects\2020\chocolate-doom\src\chocolate-doom.dir\debug\i_cdmus.obj
f:\projects\2020\chocolate-doom\src\chocolate-doom.dir\debug\gusconf.obj
f:\projects\2020\chocolate-doom\src\chocolate-doom.dir\debug\deh_str.obj
f:\projects\2020\chocolate-doom\src\chocolate-doom.dir\debug\d_mode.obj
f:\projects\2020\chocolate-doom\src\chocolate-doom.dir\debug\d_loop.obj
f:\projects\2020\chocolate-doom\src\chocolate-doom.dir\debug\d_iwad.obj
f:\projects\2020\chocolate-doom\src\chocolate-doom.dir\debug\d_event.obj
f:\projects\2020\chocolate-doom\src\chocolate-doom.dir\debug\aes_prng.obj
f:\projects\2020\chocolate-doom\src\chocolate-doom.dir\debug\m_misc.obj
f:\projects\2020\chocolate-doom\src\chocolate-doom.dir\debug\m_argv.obj
f:\projects\2020\chocolate-doom\src\chocolate-doom.dir\debug\i_glvideo.obj
f:\projects\2020\chocolate-doom\src\chocolate-doom.dir\debug\i_system.obj
f:\projects\2020\chocolate-doom\src\chocolate-doom.dir\debug\i_main.obj
f:\projects\2020\chocolate-doom\src\chocolate-doom.dir\debug\net_petname.obj
f:\projects\2020\chocolate-doom\src\chocolate-doom.dir\debug\net_packet.obj
f:\projects\2020\chocolate-doom\src\chocolate-doom.dir\debug\net_loop.obj
f:\projects\2020\chocolate-doom\src\chocolate-doom.dir\debug\net_io.obj
f:\projects\2020\chocolate-doom\src\chocolate-doom.dir\debug\net_gui.obj
f:\projects\2020\chocolate-doom\src\chocolate-doom.dir\debug\net_dedicated.obj
f:\projects\2020\chocolate-doom\src\chocolate-doom.dir\debug\net_common.obj
f:\projects\2020\chocolate-doom\src\chocolate-doom.dir\debug\net_client.obj
f:\projects\2020\chocolate-doom\src\chocolate-doom.dir\debug\m_fixed.obj
f:\projects\2020\chocolate-doom\src\chocolate-doom.dir\debug\m_controls.obj
f:\projects\2020\chocolate-doom\src\chocolate-doom.dir\debug\m_config.obj
f:\projects\2020\chocolate-doom\src\chocolate-doom.dir\debug\m_cheat.obj
f:\projects\2020\chocolate-doom\src\chocolate-doom.dir\debug\m_bbox.obj
f:\projects\2020\chocolate-doom\src\chocolate-doom.dir\debug\mus2mid.obj
f:\projects\2020\chocolate-doom\src\chocolate-doom.dir\debug\midifile.obj
f:\projects\2020\chocolate-doom\src\chocolate-doom.dir\debug\i_timer.obj
f:\projects\2020\chocolate-doom\src\chocolate-doom.dir\debug\i_sound.obj
f:\projects\2020\chocolate-doom\src\chocolate-doom.dir\debug\i_sdlsound.obj
f:\projects\2020\chocolate-doom\src\chocolate-doom.dir\debug\i_sdlmusic.obj
f:\projects\2020\chocolate-doom\src\chocolate-doom.dir\debug\i_pcsound.obj
f:\projects\2020\chocolate-doom\src\chocolate-doom.dir\debug\deh_io.obj
f:\projects\2020\chocolate-doom\src\chocolate-doom.dir\debug\win_opendir.obj
f:\projects\2020\chocolate-doom\src\chocolate-doom.dir\debug\z_zone.obj
f:\projects\2020\chocolate-doom\src\chocolate-doom.dir\debug\w_merge.obj
f:\projects\2020\chocolate-doom\src\chocolate-doom.dir\debug\w_file_win32.obj
f:\projects\2020\chocolate-doom\src\chocolate-doom.dir\debug\w_file_posix.obj
f:\projects\2020\chocolate-doom\src\chocolate-doom.dir\debug\w_file_stdc.obj
f:\projects\2020\chocolate-doom\src\chocolate-doom.dir\debug\w_file.obj
f:\projects\2020\chocolate-doom\src\chocolate-doom.dir\debug\w_wad.obj
f:\projects\2020\chocolate-doom\src\chocolate-doom.dir\debug\w_main.obj
f:\projects\2020\chocolate-doom\src\chocolate-doom.dir\debug\w_checksum.obj
f:\projects\2020\chocolate-doom\src\chocolate-doom.dir\debug\v_video.obj
f:\projects\2020\chocolate-doom\src\chocolate-doom.dir\debug\v_diskicon.obj
f:\projects\2020\chocolate-doom\src\chocolate-doom.dir\debug\tables.obj
f:\projects\2020\chocolate-doom\src\chocolate-doom.dir\debug\memio.obj
f:\projects\2020\chocolate-doom\src\chocolate-doom.dir\debug\sha1.obj
f:\projects\2020\chocolate-doom\src\chocolate-doom.dir\debug\net_structrw.obj
f:\projects\2020\chocolate-doom\src\chocolate-doom.dir\debug\net_server.obj
f:\projects\2020\chocolate-doom\src\chocolate-doom.dir\debug\net_sdl.obj
f:\projects\2020\chocolate-doom\src\chocolate-doom.dir\debug\net_query.obj
f:\projects\2020\chocolate-doom\src\chocolate-doom.dir\debug\deh_text.obj
f:\projects\2020\chocolate-doom\src\chocolate-doom.dir\debug\deh_mapping.obj
f:\projects\2020\chocolate-doom\src\chocolate-doom.dir\debug\deh_main.obj
f:\projects\2020\chocolate-doom\src\cmakefiles\generate.stamp
f:\projects\2020\chocolate-doom\src\debug\chocolate-doom.exe
f:\projects\2020\chocolate-doom\src\debug\chocolate-doom.ilk
f:\projects\2020\chocolate-doom\src\debug\chocolate-doom.pdb
f:\projects\2020\chocolate-doom\src\chocolate-doom.dir\debug\resource.res
f:\projects\2020\chocolate-doom\src\chocolate-doom.dir\debug\chocolate-doom.tlog\cl.command.1.tlog
f:\projects\2020\chocolate-doom\src\chocolate-doom.dir\debug\chocolate-doom.tlog\cl.read.1.tlog
f:\projects\2020\chocolate-doom\src\chocolate-doom.dir\debug\chocolate-doom.tlog\cl.write.1.tlog
f:\projects\2020\chocolate-doom\src\chocolate-doom.dir\debug\chocolate-doom.tlog\custombuild.command.1.tlog
f:\projects\2020\chocolate-doom\src\chocolate-doom.dir\debug\chocolate-doom.tlog\custombuild.read.1.tlog
f:\projects\2020\chocolate-doom\src\chocolate-doom.dir\debug\chocolate-doom.tlog\custombuild.write.1.tlog
f:\projects\2020\chocolate-doom\src\chocolate-doom.dir\debug\chocolate-doom.tlog\link.command.1.tlog
f:\projects\2020\chocolate-doom\src\chocolate-doom.dir\debug\chocolate-doom.tlog\link.read.1.tlog
f:\projects\2020\chocolate-doom\src\chocolate-doom.dir\debug\chocolate-doom.tlog\link.write.1.tlog
f:\projects\2020\chocolate-doom\src\chocolate-doom.dir\debug\chocolate-doom.tlog\rc.command.1.tlog
f:\projects\2020\chocolate-doom\src\chocolate-doom.dir\debug\chocolate-doom.tlog\rc.read.1.tlog
f:\projects\2020\chocolate-doom\src\chocolate-doom.dir\debug\chocolate-doom.tlog\rc.write.1.tlog
