f:\projects\2020\chocolate-doom\src\doom\doom.dir\debug\doom.pdb
f:\projects\2020\chocolate-doom\src\doom\doom.dir\debug\d_items.obj
f:\projects\2020\chocolate-doom\src\doom\doom.dir\debug\deh_weapon.obj
f:\projects\2020\chocolate-doom\src\doom\doom.dir\debug\deh_thing.obj
f:\projects\2020\chocolate-doom\src\doom\doom.dir\debug\deh_sound.obj
f:\projects\2020\chocolate-doom\src\doom\doom.dir\debug\deh_ptr.obj
f:\projects\2020\chocolate-doom\src\doom\doom.dir\debug\deh_misc.obj
f:\projects\2020\chocolate-doom\src\doom\doom.dir\debug\deh_frame.obj
f:\projects\2020\chocolate-doom\src\doom\doom.dir\debug\deh_doom.obj
f:\projects\2020\chocolate-doom\src\doom\doom.dir\debug\deh_cheat.obj
f:\projects\2020\chocolate-doom\src\doom\doom.dir\debug\deh_bexstr.obj
f:\projects\2020\chocolate-doom\src\doom\doom.dir\debug\deh_ammo.obj
f:\projects\2020\chocolate-doom\src\doom\doom.dir\debug\r_things.obj
f:\projects\2020\chocolate-doom\src\doom\doom.dir\debug\r_sky.obj
f:\projects\2020\chocolate-doom\src\doom\doom.dir\debug\r_segs.obj
f:\projects\2020\chocolate-doom\src\doom\doom.dir\debug\r_plane.obj
f:\projects\2020\chocolate-doom\src\doom\doom.dir\debug\r_main.obj
f:\projects\2020\chocolate-doom\src\doom\doom.dir\debug\r_draw.obj
f:\projects\2020\chocolate-doom\src\doom\doom.dir\debug\r_data.obj
f:\projects\2020\chocolate-doom\src\doom\doom.dir\debug\r_bsp.obj
f:\projects\2020\chocolate-doom\src\doom\doom.dir\debug\am_map.obj
f:\projects\2020\chocolate-doom\src\doom\doom.dir\debug\p_map.obj
f:\projects\2020\chocolate-doom\src\doom\doom.dir\debug\p_lights.obj
f:\projects\2020\chocolate-doom\src\doom\doom.dir\debug\p_inter.obj
f:\projects\2020\chocolate-doom\src\doom\doom.dir\debug\p_floor.obj
f:\projects\2020\chocolate-doom\src\doom\doom.dir\debug\p_enemy.obj
f:\projects\2020\chocolate-doom\src\doom\doom.dir\debug\p_doors.obj
f:\projects\2020\chocolate-doom\src\doom\doom.dir\debug\p_ceilng.obj
f:\projects\2020\chocolate-doom\src\doom\doom.dir\debug\m_random.obj
f:\projects\2020\chocolate-doom\src\doom\doom.dir\debug\m_menu.obj
f:\projects\2020\chocolate-doom\src\doom\doom.dir\debug\info.obj
f:\projects\2020\chocolate-doom\src\doom\doom.dir\debug\hu_stuff.obj
f:\projects\2020\chocolate-doom\src\doom\doom.dir\debug\hu_lib.obj
f:\projects\2020\chocolate-doom\src\doom\doom.dir\debug\g_game.obj
f:\projects\2020\chocolate-doom\src\doom\doom.dir\debug\f_wipe.obj
f:\projects\2020\chocolate-doom\src\doom\doom.dir\debug\f_finale.obj
f:\projects\2020\chocolate-doom\src\doom\doom.dir\debug\dstrings.obj
f:\projects\2020\chocolate-doom\src\doom\doom.dir\debug\doomstat.obj
f:\projects\2020\chocolate-doom\src\doom\doom.dir\debug\doomdef.obj
f:\projects\2020\chocolate-doom\src\doom\doom.dir\debug\d_net.obj
f:\projects\2020\chocolate-doom\src\doom\doom.dir\debug\d_main.obj
f:\projects\2020\chocolate-doom\src\doom\doom.dir\debug\wi_stuff.obj
f:\projects\2020\chocolate-doom\src\doom\doom.dir\debug\st_stuff.obj
f:\projects\2020\chocolate-doom\src\doom\doom.dir\debug\st_lib.obj
f:\projects\2020\chocolate-doom\src\doom\doom.dir\debug\statdump.obj
f:\projects\2020\chocolate-doom\src\doom\doom.dir\debug\sounds.obj
f:\projects\2020\chocolate-doom\src\doom\doom.dir\debug\s_sound.obj
f:\projects\2020\chocolate-doom\src\doom\doom.dir\debug\p_user.obj
f:\projects\2020\chocolate-doom\src\doom\doom.dir\debug\p_tick.obj
f:\projects\2020\chocolate-doom\src\doom\doom.dir\debug\p_telept.obj
f:\projects\2020\chocolate-doom\src\doom\doom.dir\debug\p_switch.obj
f:\projects\2020\chocolate-doom\src\doom\doom.dir\debug\p_spec.obj
f:\projects\2020\chocolate-doom\src\doom\doom.dir\debug\p_sight.obj
f:\projects\2020\chocolate-doom\src\doom\doom.dir\debug\p_setup.obj
f:\projects\2020\chocolate-doom\src\doom\doom.dir\debug\p_saveg.obj
f:\projects\2020\chocolate-doom\src\doom\doom.dir\debug\p_pspr.obj
f:\projects\2020\chocolate-doom\src\doom\doom.dir\debug\p_plats.obj
f:\projects\2020\chocolate-doom\src\doom\doom.dir\debug\p_mobj.obj
f:\projects\2020\chocolate-doom\src\doom\doom.dir\debug\p_maputl.obj
f:\projects\2020\chocolate-doom\src\doom\cmakefiles\generate.stamp
f:\projects\2020\chocolate-doom\src\doom\debug\doom.lib
f:\projects\2020\chocolate-doom\src\doom\debug\doom.pdb
f:\projects\2020\chocolate-doom\src\doom\doom.dir\debug\doom.tlog\cl.command.1.tlog
f:\projects\2020\chocolate-doom\src\doom\doom.dir\debug\doom.tlog\cl.read.1.tlog
f:\projects\2020\chocolate-doom\src\doom\doom.dir\debug\doom.tlog\cl.write.1.tlog
f:\projects\2020\chocolate-doom\src\doom\doom.dir\debug\doom.tlog\custombuild.command.1.tlog
f:\projects\2020\chocolate-doom\src\doom\doom.dir\debug\doom.tlog\custombuild.read.1.tlog
f:\projects\2020\chocolate-doom\src\doom\doom.dir\debug\doom.tlog\custombuild.write.1.tlog
f:\projects\2020\chocolate-doom\src\doom\doom.dir\debug\doom.tlog\lib-link.read.1.tlog
f:\projects\2020\chocolate-doom\src\doom\doom.dir\debug\doom.tlog\lib-link.write.1.tlog
f:\projects\2020\chocolate-doom\src\doom\doom.dir\debug\doom.tlog\lib.command.1.tlog
