  am_map.c
  d_main.c
F:\Projects\2020\chocolate-doom\src\doom\d_main.c(712): warning C4267: 'function': conversion from 'size_t' to 'int', possible loss of data
F:\Projects\2020\chocolate-doom\src\doom\d_main.c(1656): warning C4018: '<': signed/unsigned mismatch
  d_net.c
F:\Projects\2020\chocolate-doom\src\doom\d_net.c(48): warning C4244: '=': conversion from '__int64' to 'unsigned int', possible loss of data
F:\Projects\2020\chocolate-doom\src\doom\d_net.c(130): warning C4018: '<': signed/unsigned mismatch
  deh_ammo.c
F:\Projects\2020\chocolate-doom\src\doom\deh_ammo.c(57): warning C4244: '=': conversion from '__int64' to 'int', possible loss of data
  f_finale.c
  f_wipe.c
  g_game.c
F:\Projects\2020\chocolate-doom\src\doom\g_game.c(1230): warning C4244: '=': conversion from '__int64' to 'int', possible loss of data
F:\Projects\2020\chocolate-doom\src\doom\g_game.c(1952): warning C4244: '=': conversion from '__int64' to 'int', possible loss of data
F:\Projects\2020\chocolate-doom\src\doom\g_game.c(2035): warning C4267: 'function': conversion from 'size_t' to 'int', possible loss of data
F:\Projects\2020\chocolate-doom\src\doom\g_game.c(2333): warning C4244: 'function': conversion from '__int64' to 'int', possible loss of data
  hu_lib.c
  hu_stuff.c
  m_menu.c
F:\Projects\2020\chocolate-doom\src\doom\m_menu.c(520): warning C4267: '=': conversion from 'size_t' to 'int', possible loss of data
F:\Projects\2020\chocolate-doom\src\doom\m_menu.c(689): warning C4267: '=': conversion from 'size_t' to 'int', possible loss of data
F:\Projects\2020\chocolate-doom\src\doom\m_menu.c(1981): warning C4267: '+=': conversion from 'size_t' to 'int', possible loss of data
  p_ceilng.c
  p_doors.c
  p_enemy.c
  p_floor.c
F:\Projects\2020\chocolate-doom\src\doom\p_floor.c(520): warning C4244: '=': conversion from '__int64' to 'int', possible loss of data
F:\Projects\2020\chocolate-doom\src\doom\p_floor.c(526): warning C4244: '=': conversion from '__int64' to 'int', possible loss of data
  p_inter.c
  p_lights.c
  p_map.c
F:\Projects\2020\chocolate-doom\src\doom\p_map.c(538): warning C4244: 'function': conversion from '__int64' to 'int', possible loss of data
F:\Projects\2020\chocolate-doom\src\doom\p_map.c(1426): warning C4244: '=': conversion from '__int64' to 'unsigned int', possible loss of data
  p_maputl.c
F:\Projects\2020\chocolate-doom\src\doom\p_maputl.c(603): warning C4244: 'function': conversion from '__int64' to 'int', possible loss of data
F:\Projects\2020\chocolate-doom\src\doom\p_maputl.c(669): warning C4244: 'function': conversion from '__int64' to 'int', possible loss of data
F:\Projects\2020\chocolate-doom\src\doom\p_maputl.c(691): warning C4244: '=': conversion from '__int64' to 'int', possible loss of data
F:\Projects\2020\chocolate-doom\src\doom\p_maputl.c(849): warning C4244: 'function': conversion from 'intptr_t' to 'int', possible loss of data
  p_mobj.c
  p_plats.c
  Generating Code...
  Compiling...
  p_pspr.c
  p_saveg.c
F:\Projects\2020\chocolate-doom\src\doom\p_saveg.c(189): warning C4244: 'function': conversion from 'intptr_t' to 'int', possible loss of data
F:\Projects\2020\chocolate-doom\src\doom\p_saveg.c(490): warning C4244: 'function': conversion from '__int64' to 'int', possible loss of data
F:\Projects\2020\chocolate-doom\src\doom\p_saveg.c(516): warning C4244: 'function': conversion from '__int64' to 'int', possible loss of data
F:\Projects\2020\chocolate-doom\src\doom\p_saveg.c(551): warning C4244: '=': conversion from 'short' to 'byte', possible loss of data
F:\Projects\2020\chocolate-doom\src\doom\p_saveg.c(617): warning C4244: 'function': conversion from '__int64' to 'int', possible loss of data
F:\Projects\2020\chocolate-doom\src\doom\p_saveg.c(950): warning C4244: 'function': conversion from '__int64' to 'int', possible loss of data
F:\Projects\2020\chocolate-doom\src\doom\p_saveg.c(1017): warning C4244: 'function': conversion from '__int64' to 'int', possible loss of data
F:\Projects\2020\chocolate-doom\src\doom\p_saveg.c(1084): warning C4244: 'function': conversion from '__int64' to 'int', possible loss of data
F:\Projects\2020\chocolate-doom\src\doom\p_saveg.c(1154): warning C4244: 'function': conversion from '__int64' to 'int', possible loss of data
F:\Projects\2020\chocolate-doom\src\doom\p_saveg.c(1224): warning C4244: 'function': conversion from '__int64' to 'int', possible loss of data
F:\Projects\2020\chocolate-doom\src\doom\p_saveg.c(1279): warning C4244: 'function': conversion from '__int64' to 'int', possible loss of data
F:\Projects\2020\chocolate-doom\src\doom\p_saveg.c(1328): warning C4244: 'function': conversion from '__int64' to 'int', possible loss of data
  p_setup.c
  p_sight.c
F:\Projects\2020\chocolate-doom\src\doom\p_sight.c(352): warning C4244: '=': conversion from '__int64' to 'int', possible loss of data
F:\Projects\2020\chocolate-doom\src\doom\p_sight.c(353): warning C4244: '=': conversion from '__int64' to 'int', possible loss of data
  p_spec.c
F:\Projects\2020\chocolate-doom\src\doom\p_spec.c(1388): warning C4018: '<': signed/unsigned mismatch
  p_switch.c
  p_telept.c
  p_tick.c
  p_user.c
  s_sound.c
  st_lib.c
  st_stuff.c
  wi_stuff.c
  r_bsp.c
r_bsp.c(305): warning C4146: unary minus operator applied to unsigned type, result still unsigned
r_bsp.c(457): warning C4146: unary minus operator applied to unsigned type, result still unsigned
  r_data.c
  r_draw.c
  r_main.c
r_main.c(312): warning C4146: unary minus operator applied to unsigned type, result still unsigned
  r_plane.c
  r_segs.c
r_segs.c(621): warning C4146: unary minus operator applied to unsigned type, result still unsigned
  r_sky.c
  Generating Code...
  Compiling...
  r_things.c
r_things.c(187): warning C4244: '=': conversion from '__int64' to 'int', possible loss of data
r_things.c(788): warning C4244: '=': conversion from '__int64' to 'int', possible loss of data
  Generating Code...
  doom.vcxproj -> F:\Projects\2020\chocolate-doom\src\doom\Debug\doom.lib
